
state 0
	$accept: .input $end 

	SELECT  shift 9
	PRAGMA  shift 5
	.  error

	input  goto 1
	select_stmt  goto 2
	pragma_stmt  goto 3
	select_compound  goto 4
	select_core  goto 6
	select_select  goto 7
	select_select_head  goto 8

state 1
	$accept:  input.$end 

	$end  accept
	.  error


state 2
	input:  select_stmt.    (1)

	.  reduce 1 (src line 35)


state 3
	input:  pragma_stmt.    (2)

	.  reduce 2 (src line 36)


state 4
	select_stmt:  select_compound.select_order select_limit_offset 
	select_order: .    (5)

	ORDER  shift 11
	.  reduce 5 (src line 50)

	select_order  goto 10

state 5
	pragma_stmt:  PRAGMA.expression ASSIGN expression 

	INT  shift 20
	REAL  shift 21
	STRING  shift 22
	IDENTIFIER  shift 19
	PROPERTY  shift 29
	LPAREN  shift 28
	LBRACE  shift 25
	TRUE  shift 23
	FALSE  shift 24
	LBRACKET  shift 26
	MAX  shift 31
	MIN  shift 30
	AVG  shift 32
	COUNT  shift 33
	SUM  shift 34
	NOT  shift 15
	.  error

	expression  goto 12
	expr  goto 13
	prefix_expr  goto 14
	suffix_expr  goto 16
	atom  goto 17
	property  goto 18
	function_name  goto 27

state 6
	select_compound:  select_core.    (17)
	select_compound:  select_core.compound_operator select_compound 

	UNION  shift 36
	INTERSECT  shift 37
	EXCEPT  shift 38
	.  reduce 17 (src line 84)

	compound_operator  goto 35

state 7
	select_core:  select_select.select_from select_where select_group_having 
	select_from: .    (31)

	FROM  shift 40
	.  reduce 31 (src line 118)

	select_from  goto 39

state 8
	select_select:  select_select_head.select_select_tail 
	select_select_tail: .    (42)

	INT  shift 20
	REAL  shift 21
	STRING  shift 22
	IDENTIFIER  shift 19
	PROPERTY  shift 29
	LPAREN  shift 28
	LBRACE  shift 25
	AS  shift 43
	TRUE  shift 23
	FALSE  shift 24
	LBRACKET  shift 26
	MAX  shift 31
	MIN  shift 30
	AVG  shift 32
	COUNT  shift 33
	SUM  shift 34
	NOT  shift 15
	.  reduce 42 (src line 144)

	expression  goto 42
	select_select_tail  goto 41
	expr  goto 13
	prefix_expr  goto 14
	suffix_expr  goto 16
	atom  goto 17
	property  goto 18
	function_name  goto 27

state 9
	select_select_head:  SELECT.    (39)
	select_select_head:  SELECT.ALL 
	select_select_head:  SELECT.DISTINCT 

	DISTINCT  shift 45
	ALL  shift 44
	.  reduce 39 (src line 139)


state 10
	select_stmt:  select_compound select_order.select_limit_offset 
	select_limit_offset: .    (7)

	LIMIT  shift 48
	.  reduce 7 (src line 54)

	select_limit_offset  goto 46
	select_limit  goto 47

state 11
	select_order:  ORDER.BY sorting_list 

	BY  shift 49
	.  error


state 12
	pragma_stmt:  PRAGMA expression.ASSIGN expression 

	ASSIGN  shift 50
	.  error


state 13
	expression:  expr.    (46)
	expression:  expr.QUESTION expression COLON expression 
	expr:  expr.PLUS expr 
	expr:  expr.MINUS expr 
	expr:  expr.MULT expr 
	expr:  expr.DIV expr 
	expr:  expr.AND expr 
	expr:  expr.OR expr 
	expr:  expr.EQ expr 
	expr:  expr.LT expr 
	expr:  expr.LTE expr 
	expr:  expr.GT expr 
	expr:  expr.GTE expr 
	expr:  expr.NE expr 
	expr:  expr.MOD expr 

	QUESTION  shift 51
	PLUS  shift 52
	MINUS  shift 53
	MULT  shift 54
	DIV  shift 55
	MOD  shift 64
	AND  shift 56
	OR  shift 57
	EQ  shift 58
	LT  shift 59
	LTE  shift 60
	GT  shift 61
	GTE  shift 62
	NE  shift 63
	.  reduce 46 (src line 159)


state 14
	expr:  prefix_expr.    (61)

	.  reduce 61 (src line 216)


state 15
	prefix_expr:  NOT.prefix_expr 

	INT  shift 20
	REAL  shift 21
	STRING  shift 22
	IDENTIFIER  shift 19
	PROPERTY  shift 29
	LPAREN  shift 28
	LBRACE  shift 25
	TRUE  shift 23
	FALSE  shift 24
	LBRACKET  shift 26
	MAX  shift 31
	MIN  shift 30
	AVG  shift 32
	COUNT  shift 33
	SUM  shift 34
	NOT  shift 15
	.  error

	prefix_expr  goto 65
	suffix_expr  goto 16
	atom  goto 17
	property  goto 18
	function_name  goto 27

state 16
	prefix_expr:  suffix_expr.    (63)

	.  reduce 63 (src line 221)


state 17
	suffix_expr:  atom.    (64)

	.  reduce 64 (src line 224)


state 18
	atom:  property.    (65)

	.  reduce 65 (src line 227)


state 19
	atom:  IDENTIFIER.    (66)

	.  reduce 66 (src line 229)


state 20
	atom:  INT.    (67)

	.  reduce 67 (src line 231)


state 21
	atom:  REAL.    (68)

	.  reduce 68 (src line 233)


state 22
	atom:  STRING.    (69)

	.  reduce 69 (src line 235)


state 23
	atom:  TRUE.    (70)

	.  reduce 70 (src line 237)


state 24
	atom:  FALSE.    (71)

	.  reduce 71 (src line 239)


state 25
	atom:  LBRACE.named_expression_list RBRACE 

	STRING  shift 68
	.  error

	named_expression_list  goto 66
	named_expression_single  goto 67

state 26
	atom:  LBRACKET.expression_list RBRACKET 

	INT  shift 20
	REAL  shift 21
	STRING  shift 22
	IDENTIFIER  shift 19
	PROPERTY  shift 29
	LPAREN  shift 28
	LBRACE  shift 25
	TRUE  shift 23
	FALSE  shift 24
	LBRACKET  shift 26
	MAX  shift 31
	MIN  shift 30
	AVG  shift 32
	COUNT  shift 33
	SUM  shift 34
	NOT  shift 15
	.  error

	expression  goto 70
	expression_list  goto 69
	expr  goto 13
	prefix_expr  goto 14
	suffix_expr  goto 16
	atom  goto 17
	property  goto 18
	function_name  goto 27

state 27
	atom:  function_name.LPAREN expression_list RPAREN 

	LPAREN  shift 71
	.  error


state 28
	atom:  LPAREN.expression RPAREN 
	atom:  LPAREN.select_stmt RPAREN 

	INT  shift 20
	REAL  shift 21
	STRING  shift 22
	IDENTIFIER  shift 19
	PROPERTY  shift 29
	LPAREN  shift 28
	LBRACE  shift 25
	SELECT  shift 9
	TRUE  shift 23
	FALSE  shift 24
	LBRACKET  shift 26
	MAX  shift 31
	MIN  shift 30
	AVG  shift 32
	COUNT  shift 33
	SUM  shift 34
	NOT  shift 15
	.  error

	select_stmt  goto 73
	expression  goto 72
	select_compound  goto 4
	select_core  goto 6
	select_select  goto 7
	select_select_head  goto 8
	expr  goto 13
	prefix_expr  goto 14
	suffix_expr  goto 16
	atom  goto 17
	property  goto 18
	function_name  goto 27

state 29
	property:  PROPERTY.    (82)

	.  reduce 82 (src line 290)


state 30
	function_name:  MIN.    (83)

	.  reduce 83 (src line 293)


state 31
	function_name:  MAX.    (84)

	.  reduce 84 (src line 298)


state 32
	function_name:  AVG.    (85)

	.  reduce 85 (src line 303)


state 33
	function_name:  COUNT.    (86)

	.  reduce 86 (src line 308)


state 34
	function_name:  SUM.    (87)

	.  reduce 87 (src line 313)


state 35
	select_compound:  select_core compound_operator.select_compound 

	SELECT  shift 9
	.  error

	select_compound  goto 74
	select_core  goto 6
	select_select  goto 7
	select_select_head  goto 8

state 36
	compound_operator:  UNION.    (19)
	compound_operator:  UNION.ALL 

	ALL  shift 75
	.  reduce 19 (src line 88)


state 37
	compound_operator:  INTERSECT.    (21)

	.  reduce 21 (src line 90)


state 38
	compound_operator:  EXCEPT.    (22)

	.  reduce 22 (src line 91)


state 39
	select_core:  select_select select_from.select_where select_group_having 
	select_where: .    (29)

	WHERE  shift 77
	.  reduce 29 (src line 112)

	select_where  goto 76

state 40
	select_from:  FROM.data_source_list 

	IDENTIFIER  shift 81
	.  error

	data_source_list  goto 78
	data_source_single  goto 79
	data_source  goto 80

state 41
	select_select:  select_select_head select_select_tail.    (38)

	.  reduce 38 (src line 136)


state 42
	select_select_tail:  expression.    (43)
	select_select_tail:  expression.AS IDENTIFIER 

	AS  shift 82
	.  reduce 43 (src line 145)


state 43
	select_select_tail:  AS.IDENTIFIER 

	IDENTIFIER  shift 83
	.  error


state 44
	select_select_head:  SELECT ALL.    (40)

	.  reduce 40 (src line 140)


state 45
	select_select_head:  SELECT DISTINCT.    (41)

	.  reduce 41 (src line 141)


state 46
	select_stmt:  select_compound select_order select_limit_offset.    (4)

	.  reduce 4 (src line 46)


state 47
	select_limit_offset:  select_limit.    (8)
	select_limit_offset:  select_limit.select_offset 

	OFFSET  shift 85
	.  reduce 8 (src line 55)

	select_offset  goto 84

state 48
	select_limit:  LIMIT.expression 

	INT  shift 20
	REAL  shift 21
	STRING  shift 22
	IDENTIFIER  shift 19
	PROPERTY  shift 29
	LPAREN  shift 28
	LBRACE  shift 25
	TRUE  shift 23
	FALSE  shift 24
	LBRACKET  shift 26
	MAX  shift 31
	MIN  shift 30
	AVG  shift 32
	COUNT  shift 33
	SUM  shift 34
	NOT  shift 15
	.  error

	expression  goto 86
	expr  goto 13
	prefix_expr  goto 14
	suffix_expr  goto 16
	atom  goto 17
	property  goto 18
	function_name  goto 27

state 49
	select_order:  ORDER BY.sorting_list 

	INT  shift 20
	REAL  shift 21
	STRING  shift 22
	IDENTIFIER  shift 19
	PROPERTY  shift 29
	LPAREN  shift 28
	LBRACE  shift 25
	TRUE  shift 23
	FALSE  shift 24
	LBRACKET  shift 26
	MAX  shift 31
	MIN  shift 30
	AVG  shift 32
	COUNT  shift 33
	SUM  shift 34
	NOT  shift 15
	.  error

	expression  goto 89
	sorting_list  goto 87
	sorting_single  goto 88
	expr  goto 13
	prefix_expr  goto 14
	suffix_expr  goto 16
	atom  goto 17
	property  goto 18
	function_name  goto 27

state 50
	pragma_stmt:  PRAGMA expression ASSIGN.expression 

	INT  shift 20
	REAL  shift 21
	STRING  shift 22
	IDENTIFIER  shift 19
	PROPERTY  shift 29
	LPAREN  shift 28
	LBRACE  shift 25
	TRUE  shift 23
	FALSE  shift 24
	LBRACKET  shift 26
	MAX  shift 31
	MIN  shift 30
	AVG  shift 32
	COUNT  shift 33
	SUM  shift 34
	NOT  shift 15
	.  error

	expression  goto 90
	expr  goto 13
	prefix_expr  goto 14
	suffix_expr  goto 16
	atom  goto 17
	property  goto 18
	function_name  goto 27

state 51
	expression:  expr QUESTION.expression COLON expression 

	INT  shift 20
	REAL  shift 21
	STRING  shift 22
	IDENTIFIER  shift 19
	PROPERTY  shift 29
	LPAREN  shift 28
	LBRACE  shift 25
	TRUE  shift 23
	FALSE  shift 24
	LBRACKET  shift 26
	MAX  shift 31
	MIN  shift 30
	AVG  shift 32
	COUNT  shift 33
	SUM  shift 34
	NOT  shift 15
	.  error

	expression  goto 91
	expr  goto 13
	prefix_expr  goto 14
	suffix_expr  goto 16
	atom  goto 17
	property  goto 18
	function_name  goto 27

state 52
	expr:  expr PLUS.expr 

	INT  shift 20
	REAL  shift 21
	STRING  shift 22
	IDENTIFIER  shift 19
	PROPERTY  shift 29
	LPAREN  shift 28
	LBRACE  shift 25
	TRUE  shift 23
	FALSE  shift 24
	LBRACKET  shift 26
	MAX  shift 31
	MIN  shift 30
	AVG  shift 32
	COUNT  shift 33
	SUM  shift 34
	NOT  shift 15
	.  error

	expr  goto 92
	prefix_expr  goto 14
	suffix_expr  goto 16
	atom  goto 17
	property  goto 18
	function_name  goto 27

state 53
	expr:  expr MINUS.expr 

	INT  shift 20
	REAL  shift 21
	STRING  shift 22
	IDENTIFIER  shift 19
	PROPERTY  shift 29
	LPAREN  shift 28
	LBRACE  shift 25
	TRUE  shift 23
	FALSE  shift 24
	LBRACKET  shift 26
	MAX  shift 31
	MIN  shift 30
	AVG  shift 32
	COUNT  shift 33
	SUM  shift 34
	NOT  shift 15
	.  error

	expr  goto 93
	prefix_expr  goto 14
	suffix_expr  goto 16
	atom  goto 17
	property  goto 18
	function_name  goto 27

state 54
	expr:  expr MULT.expr 

	INT  shift 20
	REAL  shift 21
	STRING  shift 22
	IDENTIFIER  shift 19
	PROPERTY  shift 29
	LPAREN  shift 28
	LBRACE  shift 25
	TRUE  shift 23
	FALSE  shift 24
	LBRACKET  shift 26
	MAX  shift 31
	MIN  shift 30
	AVG  shift 32
	COUNT  shift 33
	SUM  shift 34
	NOT  shift 15
	.  error

	expr  goto 94
	prefix_expr  goto 14
	suffix_expr  goto 16
	atom  goto 17
	property  goto 18
	function_name  goto 27

state 55
	expr:  expr DIV.expr 

	INT  shift 20
	REAL  shift 21
	STRING  shift 22
	IDENTIFIER  shift 19
	PROPERTY  shift 29
	LPAREN  shift 28
	LBRACE  shift 25
	TRUE  shift 23
	FALSE  shift 24
	LBRACKET  shift 26
	MAX  shift 31
	MIN  shift 30
	AVG  shift 32
	COUNT  shift 33
	SUM  shift 34
	NOT  shift 15
	.  error

	expr  goto 95
	prefix_expr  goto 14
	suffix_expr  goto 16
	atom  goto 17
	property  goto 18
	function_name  goto 27

state 56
	expr:  expr AND.expr 

	INT  shift 20
	REAL  shift 21
	STRING  shift 22
	IDENTIFIER  shift 19
	PROPERTY  shift 29
	LPAREN  shift 28
	LBRACE  shift 25
	TRUE  shift 23
	FALSE  shift 24
	LBRACKET  shift 26
	MAX  shift 31
	MIN  shift 30
	AVG  shift 32
	COUNT  shift 33
	SUM  shift 34
	NOT  shift 15
	.  error

	expr  goto 96
	prefix_expr  goto 14
	suffix_expr  goto 16
	atom  goto 17
	property  goto 18
	function_name  goto 27

state 57
	expr:  expr OR.expr 

	INT  shift 20
	REAL  shift 21
	STRING  shift 22
	IDENTIFIER  shift 19
	PROPERTY  shift 29
	LPAREN  shift 28
	LBRACE  shift 25
	TRUE  shift 23
	FALSE  shift 24
	LBRACKET  shift 26
	MAX  shift 31
	MIN  shift 30
	AVG  shift 32
	COUNT  shift 33
	SUM  shift 34
	NOT  shift 15
	.  error

	expr  goto 97
	prefix_expr  goto 14
	suffix_expr  goto 16
	atom  goto 17
	property  goto 18
	function_name  goto 27

state 58
	expr:  expr EQ.expr 

	INT  shift 20
	REAL  shift 21
	STRING  shift 22
	IDENTIFIER  shift 19
	PROPERTY  shift 29
	LPAREN  shift 28
	LBRACE  shift 25
	TRUE  shift 23
	FALSE  shift 24
	LBRACKET  shift 26
	MAX  shift 31
	MIN  shift 30
	AVG  shift 32
	COUNT  shift 33
	SUM  shift 34
	NOT  shift 15
	.  error

	expr  goto 98
	prefix_expr  goto 14
	suffix_expr  goto 16
	atom  goto 17
	property  goto 18
	function_name  goto 27

state 59
	expr:  expr LT.expr 

	INT  shift 20
	REAL  shift 21
	STRING  shift 22
	IDENTIFIER  shift 19
	PROPERTY  shift 29
	LPAREN  shift 28
	LBRACE  shift 25
	TRUE  shift 23
	FALSE  shift 24
	LBRACKET  shift 26
	MAX  shift 31
	MIN  shift 30
	AVG  shift 32
	COUNT  shift 33
	SUM  shift 34
	NOT  shift 15
	.  error

	expr  goto 99
	prefix_expr  goto 14
	suffix_expr  goto 16
	atom  goto 17
	property  goto 18
	function_name  goto 27

state 60
	expr:  expr LTE.expr 

	INT  shift 20
	REAL  shift 21
	STRING  shift 22
	IDENTIFIER  shift 19
	PROPERTY  shift 29
	LPAREN  shift 28
	LBRACE  shift 25
	TRUE  shift 23
	FALSE  shift 24
	LBRACKET  shift 26
	MAX  shift 31
	MIN  shift 30
	AVG  shift 32
	COUNT  shift 33
	SUM  shift 34
	NOT  shift 15
	.  error

	expr  goto 100
	prefix_expr  goto 14
	suffix_expr  goto 16
	atom  goto 17
	property  goto 18
	function_name  goto 27

state 61
	expr:  expr GT.expr 

	INT  shift 20
	REAL  shift 21
	STRING  shift 22
	IDENTIFIER  shift 19
	PROPERTY  shift 29
	LPAREN  shift 28
	LBRACE  shift 25
	TRUE  shift 23
	FALSE  shift 24
	LBRACKET  shift 26
	MAX  shift 31
	MIN  shift 30
	AVG  shift 32
	COUNT  shift 33
	SUM  shift 34
	NOT  shift 15
	.  error

	expr  goto 101
	prefix_expr  goto 14
	suffix_expr  goto 16
	atom  goto 17
	property  goto 18
	function_name  goto 27

state 62
	expr:  expr GTE.expr 

	INT  shift 20
	REAL  shift 21
	STRING  shift 22
	IDENTIFIER  shift 19
	PROPERTY  shift 29
	LPAREN  shift 28
	LBRACE  shift 25
	TRUE  shift 23
	FALSE  shift 24
	LBRACKET  shift 26
	MAX  shift 31
	MIN  shift 30
	AVG  shift 32
	COUNT  shift 33
	SUM  shift 34
	NOT  shift 15
	.  error

	expr  goto 102
	prefix_expr  goto 14
	suffix_expr  goto 16
	atom  goto 17
	property  goto 18
	function_name  goto 27

state 63
	expr:  expr NE.expr 

	INT  shift 20
	REAL  shift 21
	STRING  shift 22
	IDENTIFIER  shift 19
	PROPERTY  shift 29
	LPAREN  shift 28
	LBRACE  shift 25
	TRUE  shift 23
	FALSE  shift 24
	LBRACKET  shift 26
	MAX  shift 31
	MIN  shift 30
	AVG  shift 32
	COUNT  shift 33
	SUM  shift 34
	NOT  shift 15
	.  error

	expr  goto 103
	prefix_expr  goto 14
	suffix_expr  goto 16
	atom  goto 17
	property  goto 18
	function_name  goto 27

state 64
	expr:  expr MOD.expr 

	INT  shift 20
	REAL  shift 21
	STRING  shift 22
	IDENTIFIER  shift 19
	PROPERTY  shift 29
	LPAREN  shift 28
	LBRACE  shift 25
	TRUE  shift 23
	FALSE  shift 24
	LBRACKET  shift 26
	MAX  shift 31
	MIN  shift 30
	AVG  shift 32
	COUNT  shift 33
	SUM  shift 34
	NOT  shift 15
	.  error

	expr  goto 104
	prefix_expr  goto 14
	suffix_expr  goto 16
	atom  goto 17
	property  goto 18
	function_name  goto 27

state 65
	prefix_expr:  NOT prefix_expr.    (62)

	.  reduce 62 (src line 220)


state 66
	atom:  LBRACE named_expression_list.RBRACE 

	RBRACE  shift 105
	.  error


state 67
	named_expression_list:  named_expression_single.    (79)
	named_expression_list:  named_expression_single.COMMA named_expression_list 

	COMMA  shift 106
	.  reduce 79 (src line 275)


state 68
	named_expression_single:  STRING.COLON expression 

	COLON  shift 107
	.  error


state 69
	atom:  LBRACKET expression_list.RBRACKET 

	RBRACKET  shift 108
	.  error


state 70
	expression_list:  expression.    (77)
	expression_list:  expression.COMMA expression_list 

	COMMA  shift 109
	.  reduce 77 (src line 258)


state 71
	atom:  function_name LPAREN.expression_list RPAREN 

	INT  shift 20
	REAL  shift 21
	STRING  shift 22
	IDENTIFIER  shift 19
	PROPERTY  shift 29
	LPAREN  shift 28
	LBRACE  shift 25
	TRUE  shift 23
	FALSE  shift 24
	LBRACKET  shift 26
	MAX  shift 31
	MIN  shift 30
	AVG  shift 32
	COUNT  shift 33
	SUM  shift 34
	NOT  shift 15
	.  error

	expression  goto 70
	expression_list  goto 110
	expr  goto 13
	prefix_expr  goto 14
	suffix_expr  goto 16
	atom  goto 17
	property  goto 18
	function_name  goto 27

state 72
	atom:  LPAREN expression.RPAREN 

	RPAREN  shift 111
	.  error


state 73
	atom:  LPAREN select_stmt.RPAREN 

	RPAREN  shift 112
	.  error


state 74
	select_compound:  select_core compound_operator select_compound.    (18)

	.  reduce 18 (src line 85)


state 75
	compound_operator:  UNION ALL.    (20)

	.  reduce 20 (src line 89)


state 76
	select_core:  select_select select_from select_where.select_group_having 
	select_group_having: .    (25)

	GROUP  shift 115
	.  reduce 25 (src line 102)

	select_group_having  goto 113
	select_group  goto 114

state 77
	select_where:  WHERE.expression 

	INT  shift 20
	REAL  shift 21
	STRING  shift 22
	IDENTIFIER  shift 19
	PROPERTY  shift 29
	LPAREN  shift 28
	LBRACE  shift 25
	TRUE  shift 23
	FALSE  shift 24
	LBRACKET  shift 26
	MAX  shift 31
	MIN  shift 30
	AVG  shift 32
	COUNT  shift 33
	SUM  shift 34
	NOT  shift 15
	.  error

	expression  goto 116
	expr  goto 13
	prefix_expr  goto 14
	suffix_expr  goto 16
	atom  goto 17
	property  goto 18
	function_name  goto 27

state 78
	select_from:  FROM data_source_list.    (32)

	.  reduce 32 (src line 119)


state 79
	data_source_list:  data_source_single.    (33)
	data_source_list:  data_source_single.COMMA data_source_list 

	COMMA  shift 117
	.  reduce 33 (src line 122)


state 80
	data_source_single:  data_source.    (35)
	data_source_single:  data_source.AS IDENTIFIER 

	AS  shift 118
	.  reduce 35 (src line 126)


state 81
	data_source:  IDENTIFIER.    (37)

	.  reduce 37 (src line 134)


state 82
	select_select_tail:  expression AS.IDENTIFIER 

	IDENTIFIER  shift 119
	.  error


state 83
	select_select_tail:  AS IDENTIFIER.    (45)

	.  reduce 45 (src line 154)


state 84
	select_limit_offset:  select_limit select_offset.    (9)

	.  reduce 9 (src line 56)


state 85
	select_offset:  OFFSET.expression 

	INT  shift 20
	REAL  shift 21
	STRING  shift 22
	IDENTIFIER  shift 19
	PROPERTY  shift 29
	LPAREN  shift 28
	LBRACE  shift 25
	TRUE  shift 23
	FALSE  shift 24
	LBRACKET  shift 26
	MAX  shift 31
	MIN  shift 30
	AVG  shift 32
	COUNT  shift 33
	SUM  shift 34
	NOT  shift 15
	.  error

	expression  goto 120
	expr  goto 13
	prefix_expr  goto 14
	suffix_expr  goto 16
	atom  goto 17
	property  goto 18
	function_name  goto 27

state 86
	select_limit:  LIMIT expression.    (10)

	.  reduce 10 (src line 59)


state 87
	select_order:  ORDER BY sorting_list.    (6)

	.  reduce 6 (src line 51)


state 88
	sorting_list:  sorting_single.    (12)
	sorting_list:  sorting_single.COMMA sorting_list 

	COMMA  shift 121
	.  reduce 12 (src line 69)


state 89
	sorting_single:  expression.    (14)
	sorting_single:  expression.ASC 
	sorting_single:  expression.DESC 

	ASC  shift 122
	DESC  shift 123
	.  reduce 14 (src line 73)


state 90
	pragma_stmt:  PRAGMA expression ASSIGN expression.    (3)

	.  reduce 3 (src line 39)


state 91
	expression:  expr QUESTION expression.COLON expression 

	COLON  shift 124
	.  error


state 92
	expr:  expr.PLUS expr 
	expr:  expr PLUS expr.    (48)
	expr:  expr.MINUS expr 
	expr:  expr.MULT expr 
	expr:  expr.DIV expr 
	expr:  expr.AND expr 
	expr:  expr.OR expr 
	expr:  expr.EQ expr 
	expr:  expr.LT expr 
	expr:  expr.LTE expr 
	expr:  expr.GT expr 
	expr:  expr.GTE expr 
	expr:  expr.NE expr 
	expr:  expr.MOD expr 

	.  reduce 48 (src line 163)


state 93
	expr:  expr.PLUS expr 
	expr:  expr.MINUS expr 
	expr:  expr MINUS expr.    (49)
	expr:  expr.MULT expr 
	expr:  expr.DIV expr 
	expr:  expr.AND expr 
	expr:  expr.OR expr 
	expr:  expr.EQ expr 
	expr:  expr.LT expr 
	expr:  expr.LTE expr 
	expr:  expr.GT expr 
	expr:  expr.GTE expr 
	expr:  expr.NE expr 
	expr:  expr.MOD expr 

	.  reduce 49 (src line 164)


state 94
	expr:  expr.PLUS expr 
	expr:  expr.MINUS expr 
	expr:  expr.MULT expr 
	expr:  expr MULT expr.    (50)
	expr:  expr.DIV expr 
	expr:  expr.AND expr 
	expr:  expr.OR expr 
	expr:  expr.EQ expr 
	expr:  expr.LT expr 
	expr:  expr.LTE expr 
	expr:  expr.GT expr 
	expr:  expr.GTE expr 
	expr:  expr.NE expr 
	expr:  expr.MOD expr 

	.  reduce 50 (src line 165)


state 95
	expr:  expr.PLUS expr 
	expr:  expr.MINUS expr 
	expr:  expr.MULT expr 
	expr:  expr.DIV expr 
	expr:  expr DIV expr.    (51)
	expr:  expr.AND expr 
	expr:  expr.OR expr 
	expr:  expr.EQ expr 
	expr:  expr.LT expr 
	expr:  expr.LTE expr 
	expr:  expr.GT expr 
	expr:  expr.GTE expr 
	expr:  expr.NE expr 
	expr:  expr.MOD expr 

	.  reduce 51 (src line 166)


state 96
	expr:  expr.PLUS expr 
	expr:  expr.MINUS expr 
	expr:  expr.MULT expr 
	expr:  expr.DIV expr 
	expr:  expr.AND expr 
	expr:  expr AND expr.    (52)
	expr:  expr.OR expr 
	expr:  expr.EQ expr 
	expr:  expr.LT expr 
	expr:  expr.LTE expr 
	expr:  expr.GT expr 
	expr:  expr.GTE expr 
	expr:  expr.NE expr 
	expr:  expr.MOD expr 

	PLUS  shift 52
	MINUS  shift 53
	MULT  shift 54
	DIV  shift 55
	MOD  shift 64
	EQ  shift 58
	LT  shift 59
	LTE  shift 60
	GT  shift 61
	GTE  shift 62
	NE  shift 63
	.  reduce 52 (src line 167)


state 97
	expr:  expr.PLUS expr 
	expr:  expr.MINUS expr 
	expr:  expr.MULT expr 
	expr:  expr.DIV expr 
	expr:  expr.AND expr 
	expr:  expr.OR expr 
	expr:  expr OR expr.    (53)
	expr:  expr.EQ expr 
	expr:  expr.LT expr 
	expr:  expr.LTE expr 
	expr:  expr.GT expr 
	expr:  expr.GTE expr 
	expr:  expr.NE expr 
	expr:  expr.MOD expr 

	PLUS  shift 52
	MINUS  shift 53
	MULT  shift 54
	DIV  shift 55
	MOD  shift 64
	AND  shift 56
	EQ  shift 58
	LT  shift 59
	LTE  shift 60
	GT  shift 61
	GTE  shift 62
	NE  shift 63
	.  reduce 53 (src line 173)


state 98
	expr:  expr.PLUS expr 
	expr:  expr.MINUS expr 
	expr:  expr.MULT expr 
	expr:  expr.DIV expr 
	expr:  expr.AND expr 
	expr:  expr.OR expr 
	expr:  expr.EQ expr 
	expr:  expr EQ expr.    (54)
	expr:  expr.LT expr 
	expr:  expr.LTE expr 
	expr:  expr.GT expr 
	expr:  expr.GTE expr 
	expr:  expr.NE expr 
	expr:  expr.MOD expr 

	PLUS  shift 52
	MINUS  shift 53
	MULT  shift 54
	DIV  shift 55
	MOD  shift 64
	.  reduce 54 (src line 179)


state 99
	expr:  expr.PLUS expr 
	expr:  expr.MINUS expr 
	expr:  expr.MULT expr 
	expr:  expr.DIV expr 
	expr:  expr.AND expr 
	expr:  expr.OR expr 
	expr:  expr.EQ expr 
	expr:  expr.LT expr 
	expr:  expr LT expr.    (55)
	expr:  expr.LTE expr 
	expr:  expr.GT expr 
	expr:  expr.GTE expr 
	expr:  expr.NE expr 
	expr:  expr.MOD expr 

	PLUS  shift 52
	MINUS  shift 53
	MULT  shift 54
	DIV  shift 55
	MOD  shift 64
	.  reduce 55 (src line 185)


state 100
	expr:  expr.PLUS expr 
	expr:  expr.MINUS expr 
	expr:  expr.MULT expr 
	expr:  expr.DIV expr 
	expr:  expr.AND expr 
	expr:  expr.OR expr 
	expr:  expr.EQ expr 
	expr:  expr.LT expr 
	expr:  expr.LTE expr 
	expr:  expr LTE expr.    (56)
	expr:  expr.GT expr 
	expr:  expr.GTE expr 
	expr:  expr.NE expr 
	expr:  expr.MOD expr 

	PLUS  shift 52
	MINUS  shift 53
	MULT  shift 54
	DIV  shift 55
	MOD  shift 64
	.  reduce 56 (src line 191)


state 101
	expr:  expr.PLUS expr 
	expr:  expr.MINUS expr 
	expr:  expr.MULT expr 
	expr:  expr.DIV expr 
	expr:  expr.AND expr 
	expr:  expr.OR expr 
	expr:  expr.EQ expr 
	expr:  expr.LT expr 
	expr:  expr.LTE expr 
	expr:  expr.GT expr 
	expr:  expr GT expr.    (57)
	expr:  expr.GTE expr 
	expr:  expr.NE expr 
	expr:  expr.MOD expr 

	PLUS  shift 52
	MINUS  shift 53
	MULT  shift 54
	DIV  shift 55
	MOD  shift 64
	.  reduce 57 (src line 197)


state 102
	expr:  expr.PLUS expr 
	expr:  expr.MINUS expr 
	expr:  expr.MULT expr 
	expr:  expr.DIV expr 
	expr:  expr.AND expr 
	expr:  expr.OR expr 
	expr:  expr.EQ expr 
	expr:  expr.LT expr 
	expr:  expr.LTE expr 
	expr:  expr.GT expr 
	expr:  expr.GTE expr 
	expr:  expr GTE expr.    (58)
	expr:  expr.NE expr 
	expr:  expr.MOD expr 

	PLUS  shift 52
	MINUS  shift 53
	MULT  shift 54
	DIV  shift 55
	MOD  shift 64
	.  reduce 58 (src line 203)


state 103
	expr:  expr.PLUS expr 
	expr:  expr.MINUS expr 
	expr:  expr.MULT expr 
	expr:  expr.DIV expr 
	expr:  expr.AND expr 
	expr:  expr.OR expr 
	expr:  expr.EQ expr 
	expr:  expr.LT expr 
	expr:  expr.LTE expr 
	expr:  expr.GT expr 
	expr:  expr.GTE expr 
	expr:  expr.NE expr 
	expr:  expr NE expr.    (59)
	expr:  expr.MOD expr 

	PLUS  shift 52
	MINUS  shift 53
	MULT  shift 54
	DIV  shift 55
	MOD  shift 64
	.  reduce 59 (src line 209)


state 104
	expr:  expr.PLUS expr 
	expr:  expr.MINUS expr 
	expr:  expr.MULT expr 
	expr:  expr.DIV expr 
	expr:  expr.AND expr 
	expr:  expr.OR expr 
	expr:  expr.EQ expr 
	expr:  expr.LT expr 
	expr:  expr.LTE expr 
	expr:  expr.GT expr 
	expr:  expr.GTE expr 
	expr:  expr.NE expr 
	expr:  expr.MOD expr 
	expr:  expr MOD expr.    (60)

	.  reduce 60 (src line 215)


state 105
	atom:  LBRACE named_expression_list RBRACE.    (72)

	.  reduce 72 (src line 241)


state 106
	named_expression_list:  named_expression_single COMMA.named_expression_list 

	STRING  shift 68
	.  error

	named_expression_list  goto 125
	named_expression_single  goto 67

state 107
	named_expression_single:  STRING COLON.expression 

	INT  shift 20
	REAL  shift 21
	STRING  shift 22
	IDENTIFIER  shift 19
	PROPERTY  shift 29
	LPAREN  shift 28
	LBRACE  shift 25
	TRUE  shift 23
	FALSE  shift 24
	LBRACKET  shift 26
	MAX  shift 31
	MIN  shift 30
	AVG  shift 32
	COUNT  shift 33
	SUM  shift 34
	NOT  shift 15
	.  error

	expression  goto 126
	expr  goto 13
	prefix_expr  goto 14
	suffix_expr  goto 16
	atom  goto 17
	property  goto 18
	function_name  goto 27

state 108
	atom:  LBRACKET expression_list RBRACKET.    (73)

	.  reduce 73 (src line 243)


state 109
	expression_list:  expression COMMA.expression_list 

	INT  shift 20
	REAL  shift 21
	STRING  shift 22
	IDENTIFIER  shift 19
	PROPERTY  shift 29
	LPAREN  shift 28
	LBRACE  shift 25
	TRUE  shift 23
	FALSE  shift 24
	LBRACKET  shift 26
	MAX  shift 31
	MIN  shift 30
	AVG  shift 32
	COUNT  shift 33
	SUM  shift 34
	NOT  shift 15
	.  error

	expression  goto 70
	expression_list  goto 127
	expr  goto 13
	prefix_expr  goto 14
	suffix_expr  goto 16
	atom  goto 17
	property  goto 18
	function_name  goto 27

state 110
	atom:  function_name LPAREN expression_list.RPAREN 

	RPAREN  shift 128
	.  error


state 111
	atom:  LPAREN expression RPAREN.    (75)

	.  reduce 75 (src line 254)


state 112
	atom:  LPAREN select_stmt RPAREN.    (76)

	.  reduce 76 (src line 255)


state 113
	select_core:  select_select select_from select_where select_group_having.    (23)

	.  reduce 23 (src line 94)


state 114
	select_group_having:  select_group.    (26)
	select_group_having:  select_group.select_having 

	HAVING  shift 130
	.  reduce 26 (src line 103)

	select_having  goto 129

state 115
	select_group:  GROUP.BY expression_list 

	BY  shift 131
	.  error


state 116
	select_where:  WHERE expression.    (30)

	.  reduce 30 (src line 113)


state 117
	data_source_list:  data_source_single COMMA.data_source_list 

	IDENTIFIER  shift 81
	.  error

	data_source_list  goto 132
	data_source_single  goto 79
	data_source  goto 80

state 118
	data_source_single:  data_source AS.IDENTIFIER 

	IDENTIFIER  shift 133
	.  error


state 119
	select_select_tail:  expression AS IDENTIFIER.    (44)

	.  reduce 44 (src line 149)


state 120
	select_offset:  OFFSET expression.    (11)

	.  reduce 11 (src line 64)


state 121
	sorting_list:  sorting_single COMMA.sorting_list 

	INT  shift 20
	REAL  shift 21
	STRING  shift 22
	IDENTIFIER  shift 19
	PROPERTY  shift 29
	LPAREN  shift 28
	LBRACE  shift 25
	TRUE  shift 23
	FALSE  shift 24
	LBRACKET  shift 26
	MAX  shift 31
	MIN  shift 30
	AVG  shift 32
	COUNT  shift 33
	SUM  shift 34
	NOT  shift 15
	.  error

	expression  goto 89
	sorting_list  goto 134
	sorting_single  goto 88
	expr  goto 13
	prefix_expr  goto 14
	suffix_expr  goto 16
	atom  goto 17
	property  goto 18
	function_name  goto 27

state 122
	sorting_single:  expression ASC.    (15)

	.  reduce 15 (src line 76)


state 123
	sorting_single:  expression DESC.    (16)

	.  reduce 16 (src line 79)


state 124
	expression:  expr QUESTION expression COLON.expression 

	INT  shift 20
	REAL  shift 21
	STRING  shift 22
	IDENTIFIER  shift 19
	PROPERTY  shift 29
	LPAREN  shift 28
	LBRACE  shift 25
	TRUE  shift 23
	FALSE  shift 24
	LBRACKET  shift 26
	MAX  shift 31
	MIN  shift 30
	AVG  shift 32
	COUNT  shift 33
	SUM  shift 34
	NOT  shift 15
	.  error

	expression  goto 135
	expr  goto 13
	prefix_expr  goto 14
	suffix_expr  goto 16
	atom  goto 17
	property  goto 18
	function_name  goto 27

state 125
	named_expression_list:  named_expression_single COMMA named_expression_list.    (80)

	.  reduce 80 (src line 276)


state 126
	named_expression_single:  STRING COLON expression.    (81)

	.  reduce 81 (src line 283)


state 127
	expression_list:  expression COMMA expression_list.    (78)

	.  reduce 78 (src line 263)


state 128
	atom:  function_name LPAREN expression_list RPAREN.    (74)

	.  reduce 74 (src line 248)


state 129
	select_group_having:  select_group select_having.    (27)

	.  reduce 27 (src line 104)


state 130
	select_having:  HAVING.expression 

	INT  shift 20
	REAL  shift 21
	STRING  shift 22
	IDENTIFIER  shift 19
	PROPERTY  shift 29
	LPAREN  shift 28
	LBRACE  shift 25
	TRUE  shift 23
	FALSE  shift 24
	LBRACKET  shift 26
	MAX  shift 31
	MIN  shift 30
	AVG  shift 32
	COUNT  shift 33
	SUM  shift 34
	NOT  shift 15
	.  error

	expression  goto 136
	expr  goto 13
	prefix_expr  goto 14
	suffix_expr  goto 16
	atom  goto 17
	property  goto 18
	function_name  goto 27

state 131
	select_group:  GROUP BY.expression_list 

	INT  shift 20
	REAL  shift 21
	STRING  shift 22
	IDENTIFIER  shift 19
	PROPERTY  shift 29
	LPAREN  shift 28
	LBRACE  shift 25
	TRUE  shift 23
	FALSE  shift 24
	LBRACKET  shift 26
	MAX  shift 31
	MIN  shift 30
	AVG  shift 32
	COUNT  shift 33
	SUM  shift 34
	NOT  shift 15
	.  error

	expression  goto 70
	expression_list  goto 137
	expr  goto 13
	prefix_expr  goto 14
	suffix_expr  goto 16
	atom  goto 17
	property  goto 18
	function_name  goto 27

state 132
	data_source_list:  data_source_single COMMA data_source_list.    (34)

	.  reduce 34 (src line 123)


state 133
	data_source_single:  data_source AS IDENTIFIER.    (36)

	.  reduce 36 (src line 129)


state 134
	sorting_list:  sorting_single COMMA sorting_list.    (13)

	.  reduce 13 (src line 70)


state 135
	expression:  expr QUESTION expression COLON expression.    (47)

	.  reduce 47 (src line 160)


state 136
	select_having:  HAVING expression.    (28)

	.  reduce 28 (src line 109)


state 137
	select_group:  GROUP BY expression_list.    (24)

	.  reduce 24 (src line 97)


61 terminals, 34 nonterminals
88 grammar rules, 138/2000 states
0 shift/reduce, 0 reduce/reduce conflicts reported
83 working sets used
memory: parser 304/30000
115 extra closures
607 shift entries, 1 exceptions
68 goto entries
179 entries saved by goto default
Optimizer space used: output 204/30000
204 table entries, 4 zero
maximum spread: 61, maximum offset: 131
